[
  {
    "auditId": 1137,
    "userId": 3,
    "userName": "wewo",
    "actionType": "UserLogin",
    "description": "Login attempt for: wewo from: HJVAS010 Success: True",
    "occuredTime": "2025-09-18T09:58:00.077"
  },
  {
    "auditId": 1136,
    "userId": 0,
    "userName": "Unknown user",
    "actionType": "ManualDriveOrder",
    "description": "Manual drive command given. Machine: Conti Rim AGV 2 To: Station2_1-OUT (8)",
    "occuredTime": "2025-09-18T09:55:51.527"
  },
  {
    "auditId": 1135,
    "userId": 0,
    "userName": "Unknown user",
    "actionType": "ManualDriveOrder",
    "description": "Manual drive command given. Machine: Conti Rim AGV 2 To: Station2_1-OUT (8)",
    "occuredTime": "2025-09-18T09:55:05.66"
  },
  {
    "auditId": 1134,
    "userId": 0,
    "userName": "Unknown user",
    "actionType": "ManualDriveOrder",
    "description": "Manual drive command given. Machine: Conti Rim AGV 1 To: Station1_1-OUT (14)",
    "occuredTime": "2025-09-18T09:54:44.22"
  },
  {
    "auditId": 1133,
    "userId": 0,
    "userName": "Unknown user",
    "actionType": "ManualDriveOrder",
    "description": "Manual drive command given. Machine: Conti Rim AGV 1 To: (582)",
    "occuredTime": "2025-09-18T09:38:49.637"
  },
  {
    "auditId": 1132,
    "userId": 5,
    "userName": "coci",
    "actionType": "UserLogin",
    "description": "Login attempt for: coci from: No one should have set this as the computer name Success: True",
    "occuredTime": "2025-09-18T09:38:17.847"
  },
  {
    "auditId": 1131,
    "userId": -1,
    "userName": "coci",
    "actionType": "UserLogin",
    "description": "Login attempt for: coci from: No one should have set this as the computer name Success: False",
    "occuredTime": "2025-09-18T09:38:17.83"
  },
  {
    "auditId": 1130,
    "userId": 0,
    "userName": "Unknown user",
    "actionType": "ManualDriveOrder",
    "description": "Manual drive command given. Machine: Conti Rim AGV 2 To: (4)",
    "occuredTime": "2025-09-18T09:00:52.49"
  },
  {
    "auditId": 1129,
    "userId": 0,
    "userName": "Unknown user",
    "actionType": "ManualDriveOrder",
    "description": "Manual drive command given. Machine: Conti Rim AGV 1 To: Charger1 (1)",
    "occuredTime": "2025-09-18T08:32:23.713"
  },
  {
    "auditId": 1128,
    "userId": 0,
    "userName": "Unknown user",
    "actionType": "ManualDriveOrder",
    "description": "Manual drive command given. Machine: Conti Rim AGV 1 To: Charger1 (1)",
    "occuredTime": "2025-09-18T08:31:16.823"
  },
  {
    "auditId": 1127,
    "userId": 0,
    "userName": "Unknown user",
    "actionType": "ManualDriveOrder",
    "description": "Manual drive command given. Machine: Conti Rim AGV 1 To: Charger1 (1)",
    "occuredTime": "2025-09-18T08:30:00.777"
  },
  {
    "auditId": 1126,
    "userId": 0,
    "userName": "Unknown user",
    "actionType": "ManualDriveOrder",
    "description": "Manual drive command given. Machine: Conti Rim AGV 1 To: Charger1 (1)",
    "occuredTime": "2025-09-18T08:27:24.073"
  },
  {
    "auditId": 1125,
    "userId": 0,
    "userName": "Unknown user",
    "actionType": "ManualDriveOrder",
    "description": "Manual drive command given. Machine: Conti Rim AGV 1 To: Charger1 (1)",
    "occuredTime": "2025-09-18T08:26:51.823"
  },
  {
    "auditId": 1124,
    "userId": 0,
    "userName": "Unknown user",
    "actionType": "ManualDriveOrder",
    "description": "Manual drive command given. Machine: Conti Rim AGV 2 To: Charger1 (1)",
    "occuredTime": "2025-09-18T08:25:09.543"
  },
  {
    "auditId": 1123,
    "userId": 0,
    "userName": "Unknown user",
    "actionType": "ManualDriveOrder",
    "description": "Manual drive command given. Machine: Conti Rim AGV 1 To: (4)",
    "occuredTime": "2025-09-18T07:18:05.693"
  },
  {
    "auditId": 1122,
    "userId": 0,
    "userName": "Unknown user",
    "actionType": "ManualDriveOrder",
    "description": "Manual drive command given. Machine: Conti Rim AGV 1 To: (4)",
    "occuredTime": "2025-09-18T07:17:08.6"
  },
  {
    "auditId": 1121,
    "userId": 0,
    "userName": "Unknown user",
    "actionType": "ManualDriveOrder",
    "description": "Manual drive command given. Machine: Conti Rim AGV 1 To: (4)",
    "occuredTime": "2025-09-18T07:16:33.677"
  },
  {
    "auditId": 1120,
    "userId": 5,
    "userName": "coci",
    "actionType": "UserLogin",
    "description": "Login attempt for: coci from: No one should have set this as the computer name Success: True",
    "occuredTime": "2025-09-18T07:16:11.567"
  },
  {
    "auditId": 1119,
    "userId": -1,
    "userName": "coci",
    "actionType": "UserLogin",
    "description": "Login attempt for: coci from: No one should have set this as the computer name Success: False",
    "occuredTime": "2025-09-18T07:16:11.553"
  },
  {
    "auditId": 1118,
    "userId": 0,
    "userName": "Unknown user",
    "actionType": "ManualDriveOrder",
    "description": "Manual drive command given. Machine: Conti Rim AGV 1 To: Charger2 (3)",
    "occuredTime": "2025-09-17T18:47:24.387"
  },
  {
    "auditId": 1117,
    "userId": 0,
    "userName": "Unknown user",
    "actionType": "ManualDriveOrder",
    "description": "Manual drive command given. Machine: Conti Rim AGV 1 To: (4)",
    "occuredTime": "2025-09-17T18:47:11.887"
  },
  {
    "auditId": 1116,
    "userId": 0,
    "userName": "Unknown user",
    "actionType": "ManualDriveOrder",
    "description": "Manual drive command given. Machine: Conti Rim AGV 2 To: Charger1 (1)",
    "occuredTime": "2025-09-17T18:18:26.06"
  },
  {
    "auditId": 1115,
    "userId": 5,
    "userName": "coci",
    "actionType": "UserLogin",
    "description": "Login attempt for: coci from: No one should have set this as the computer name Success: True",
    "occuredTime": "2025-09-17T16:32:43.297"
  },
  {
    "auditId": 1114,
    "userId": -1,
    "userName": "coci",
    "actionType": "UserLogin",
    "description": "Login attempt for: coci from: No one should have set this as the computer name Success: False",
    "occuredTime": "2025-09-17T16:32:43.28"
  },
  {
    "auditId": 1113,
    "userId": 0,
    "userName": "Unknown user",
    "actionType": "ManualDriveOrder",
    "description": "Manual drive command given. Machine: Conti Rim AGV 1 To: Charger1 (1)",
    "occuredTime": "2025-09-17T15:40:16.08"
  },
  {
    "auditId": 1112,
    "userId": 0,
    "userName": "Unknown user",
    "actionType": "ManualDriveOrder",
    "description": "Manual drive command given. Machine: Conti Rim AGV 1 To: X:13.95877, Y:21.61811",
    "occuredTime": "2025-09-17T15:38:52.09"
  },
  {
    "auditId": 1111,
    "userId": 0,
    "userName": "Unknown user",
    "actionType": "ManualDriveOrder",
    "description": "Manual drive command given. Machine: Conti Rim AGV 1 To: (4)",
    "occuredTime": "2025-09-17T15:32:09.717"
  },
  {
    "auditId": 1110,
    "userId": 0,
    "userName": "Unknown user",
    "actionType": "ManualDriveOrder",
    "description": "Manual drive command given. Machine: Conti Rim AGV 1 To: Charger2 (3)",
    "occuredTime": "2025-09-17T15:30:00.987"
  },
  {
    "auditId": 1109,
    "userId": 0,
    "userName": "Unknown user",
    "actionType": "ManualDriveOrder",
    "description": "Manual drive command given. Machine: Conti Rim AGV 2 To: Charger1 (1)",
    "occuredTime": "2025-09-17T15:29:53.467"
  },
  {
    "auditId": 1108,
    "userId": 0,
    "userName": "Unknown user",
    "actionType": "ManualDriveOrder",
    "description": "Manual drive command given. Machine: Conti Rim AGV 2 To: (2)",
    "occuredTime": "2025-09-17T15:12:39.577"
  },
  {
    "auditId": 1106,
    "userId": -1,
    "userName": "coci",
    "actionType": "UserLogin",
    "description": "Login attempt for: coci from: No one should have set this as the computer name Success: False",
    "occuredTime": "2025-09-17T15:12:28.95"
  },
  {
    "auditId": 1107,
    "userId": 5,
    "userName": "coci",
    "actionType": "UserLogin",
    "description": "Login attempt for: coci from: No one should have set this as the computer name Success: True",
    "occuredTime": "2025-09-17T15:12:28.95"
  },
  {
    "auditId": 1105,
    "userId": 0,
    "userName": "Unknown user",
    "actionType": "ManualDriveOrder",
    "description": "Manual drive command given. Machine: Conti Rim AGV 2 To: (2)",
    "occuredTime": "2025-09-17T13:17:34.543"
  },
  {
    "auditId": 1104,
    "userId": 0,
    "userName": "Unknown user",
    "actionType": "ManualDriveOrder",
    "description": "Manual drive command given. Machine: Conti Rim AGV 2 To: X:15.21229, Y:20.21482",
    "occuredTime": "2025-09-17T12:17:23.503"
  },
  {
    "auditId": 1103,
    "userId": 0,
    "userName": "Unknown user",
    "actionType": "ManualDriveOrder",
    "description": "Manual drive command given. Machine: Conti Rim AGV 2 To: (2)",
    "occuredTime": "2025-09-17T11:35:33.51"
  },
  {
    "auditId": 1102,
    "userId": 0,
    "userName": "Unknown user",
    "actionType": "ManualDriveOrder",
    "description": "Manual drive command given. Machine: Conti Rim AGV 1 To: Station4_1-OUT (563)",
    "occuredTime": "2025-09-17T11:22:16.51"
  },
  {
    "auditId": 1101,
    "userId": 0,
    "userName": "Unknown user",
    "actionType": "ManualDriveOrder",
    "description": "Manual drive command given. Machine: Conti Rim AGV 1 To: X:15.32223, Y:20.86576",
    "occuredTime": "2025-09-17T11:18:43.823"
  },
  {
    "auditId": 1100,
    "userId": 0,
    "userName": "Unknown user",
    "actionType": "ManualDriveOrder",
    "description": "Manual drive command given. Machine: Conti Rim AGV 1 To: X:7.342285, Y:39.40662",
    "occuredTime": "2025-09-17T10:43:11.923"
  },
  {
    "auditId": 1099,
    "userId": 0,
    "userName": "Unknown user",
    "actionType": "ManualDriveOrder",
    "description": "Manual drive command given. Machine: Conti Rim AGV 1 To: Regal8_22-OUT (529)",
    "occuredTime": "2025-09-17T10:41:16.237"
  },
  {
    "auditId": 1098,
    "userId": 5,
    "userName": "coci",
    "actionType": "UserLogin",
    "description": "Login attempt for: coci from: No one should have set this as the computer name Success: True",
    "occuredTime": "2025-09-17T09:30:04.573"
  },
  {
    "auditId": 1097,
    "userId": -1,
    "userName": "coci",
    "actionType": "UserLogin",
    "description": "Login attempt for: coci from: No one should have set this as the computer name Success: False",
    "occuredTime": "2025-09-17T09:30:04.56"
  },
  {
    "auditId": 1095,
    "userId": -1,
    "userName": "coci",
    "actionType": "UserLogin",
    "description": "Login attempt for: coci from: No one should have set this as the computer name Success: False",
    "occuredTime": "2025-09-17T08:52:20.987"
  },
  {
    "auditId": 1096,
    "userId": 5,
    "userName": "coci",
    "actionType": "UserLogin",
    "description": "Login attempt for: coci from: No one should have set this as the computer name Success: True",
    "occuredTime": "2025-09-17T08:52:20.987"
  },
  {
    "auditId": 1094,
    "userId": 0,
    "userName": "Unknown user",
    "actionType": "ManualDriveOrder",
    "description": "Manual drive command given. Machine: Conti Rim AGV 2 To: Charger2 (3)",
    "occuredTime": "2025-09-17T02:07:34.093"
  },
  {
    "auditId": 1093,
    "userId": 0,
    "userName": "Unknown user",
    "actionType": "ManualDriveOrder",
    "description": "Manual drive command given. Machine: Conti Rim AGV 2 To: (4)",
    "occuredTime": "2025-09-17T02:05:36.017"
  },
  {
    "auditId": 1092,
    "userId": 0,
    "userName": "Unknown user",
    "actionType": "ManualDriveOrder",
    "description": "Manual drive command given. Machine: Conti Rim AGV 2 To: (4)",
    "occuredTime": "2025-09-17T01:58:51.05"
  },
  {
    "auditId": 1091,
    "userId": 0,
    "userName": "Unknown user",
    "actionType": "ManualDriveOrder",
    "description": "Manual drive command given. Machine: Conti Rim AGV 2 To: (582)",
    "occuredTime": "2025-09-17T01:56:46.097"
  },
  {
    "auditId": 1090,
    "userId": 0,
    "userName": "Unknown user",
    "actionType": "ManualDriveOrder",
    "description": "Manual drive command given. Machine: Conti Rim AGV 2 To: (582)",
    "occuredTime": "2025-09-17T01:52:50.737"
  },
  {
    "auditId": 1089,
    "userId": 0,
    "userName": "Unknown user",
    "actionType": "ManualDriveOrder",
    "description": "Manual drive command given. Machine: Conti Rim AGV 1 To: Charger1 (1)",
    "occuredTime": "2025-09-17T01:52:09.517"
  },
  {
    "auditId": 1088,
    "userId": 0,
    "userName": "Unknown user",
    "actionType": "ManualDriveOrder",
    "description": "Manual drive command given. Machine: Conti Rim AGV 1 To: (2)",
    "occuredTime": "2025-09-17T01:51:08.643"
  },
  {
    "auditId": 1087,
    "userId": 5,
    "userName": "coci",
    "actionType": "UserLogin",
    "description": "Login attempt for: coci from: No one should have set this as the computer name Success: True",
    "occuredTime": "2025-09-17T01:50:44.893"
  },
  {
    "auditId": 1086,
    "userId": -1,
    "userName": "coci",
    "actionType": "UserLogin",
    "description": "Login attempt for: coci from: No one should have set this as the computer name Success: False",
    "occuredTime": "2025-09-17T01:50:44.877"
  },
  {
    "auditId": 1085,
    "userId": 5,
    "userName": "coci",
    "actionType": "UserLogin",
    "description": "Login attempt for: coci from: No one should have set this as the computer name Success: True",
    "occuredTime": "2025-09-16T17:26:59.893"
  },
  {
    "auditId": 1084,
    "userId": -1,
    "userName": "coci",
    "actionType": "UserLogin",
    "description": "Login attempt for: coci from: No one should have set this as the computer name Success: False",
    "occuredTime": "2025-09-16T17:26:59.877"
  },
  {
    "auditId": 1083,
    "userId": 3,
    "userName": "wewo",
    "actionType": "UserLogin",
    "description": "Login attempt for: wewo from: HJVAS010 Success: True",
    "occuredTime": "2025-09-16T15:46:26.29"
  },
  {
    "auditId": 1082,
    "userId": 0,
    "userName": "Unknown user",
    "actionType": "ManualDriveOrder",
    "description": "Manual drive command given. Machine: Conti Rim AGV 2 To: Regal3_16-OUT (474)",
    "occuredTime": "2025-09-16T15:21:58.637"
  },
  {
    "auditId": 1081,
    "userId": 5,
    "userName": "coci",
    "actionType": "UserLogin",
    "description": "Login attempt for: coci from: No one should have set this as the computer name Success: True",
    "occuredTime": "2025-09-16T15:20:21.37"
  },
  {
    "auditId": 1080,
    "userId": -1,
    "userName": "coci",
    "actionType": "UserLogin",
    "description": "Login attempt for: coci from: No one should have set this as the computer name Success: False",
    "occuredTime": "2025-09-16T15:20:21.357"
  },
  {
    "auditId": 1079,
    "userId": 3,
    "userName": "wewo",
    "actionType": "UserLogin",
    "description": "Login attempt for: wewo from: HJVAS010 Success: True",
    "occuredTime": "2025-09-16T14:57:46.68"
  },
  {
    "auditId": 1078,
    "userId": 3,
    "userName": "wewo",
    "actionType": "UserLogin",
    "description": "Login attempt for: wewo from: HJVAS010 Success: True",
    "occuredTime": "2025-09-16T13:22:11.413"
  },
  {
    "auditId": 1077,
    "userId": 0,
    "userName": "Unknown user",
    "actionType": "ManualDriveOrder",
    "description": "Manual drive command given. Machine: Conti Rim AGV 2 To: Station2_2-OUT (10)",
    "occuredTime": "2025-09-16T12:20:40.25"
  },
  {
    "auditId": 1076,
    "userId": 0,
    "userName": "Unknown user",
    "actionType": "ManualDriveOrder",
    "description": "Manual drive command given. Machine: Conti Rim AGV 1 To: X:15.99418, Y:14.70926",
    "occuredTime": "2025-09-16T12:19:40.173"
  },
  {
    "auditId": 1075,
    "userId": 3,
    "userName": "wewo",
    "actionType": "UserLogin",
    "description": "Login attempt for: wewo from: HJVAS010 Success: True",
    "occuredTime": "2025-09-16T11:52:09.02"
  },
  {
    "auditId": 1074,
    "userId": 3,
    "userName": "Unknown user",
    "actionType": "EntityEnableDisable",
    "description": "Machine: Conti Rim AGV 1 enabled is now True",
    "occuredTime": "2025-09-16T11:48:31.053"
  },
  {
    "auditId": 1073,
    "userId": 3,
    "userName": "Unknown user",
    "actionType": "EntityEnableDisable",
    "description": "Machine: Conti Rim AGV 1 enabled is now False",
    "occuredTime": "2025-09-16T11:39:44.677"
  },
  {
    "auditId": 1072,
    "userId": 3,
    "userName": "wewo",
    "actionType": "UserLogin",
    "description": "Login attempt for: wewo from: HJVAS010 Success: True",
    "occuredTime": "2025-09-16T11:38:22.367"
  },
  {
    "auditId": 1071,
    "userId": 0,
    "userName": "Unknown user",
    "actionType": "ManualDriveOrder",
    "description": "Manual drive command given. Machine: Conti Rim AGV 1 To: (579)",
    "occuredTime": "2025-09-16T10:44:08.813"
  },
  {
    "auditId": 1070,
    "userId": 0,
    "userName": "Unknown user",
    "actionType": "ManualDriveOrder",
    "description": "Manual drive command given. Machine: Conti Rim AGV 1 To: (2)",
    "occuredTime": "2025-09-16T10:42:04.373"
  },
  {
    "auditId": 1069,
    "userId": 5,
    "userName": "coci",
    "actionType": "UserLogin",
    "description": "Login attempt for: coci from: No one should have set this as the computer name Success: True",
    "occuredTime": "2025-09-16T10:06:20.66"
  },
  {
    "auditId": 1068,
    "userId": -1,
    "userName": "coci",
    "actionType": "UserLogin",
    "description": "Login attempt for: coci from: No one should have set this as the computer name Success: False",
    "occuredTime": "2025-09-16T10:06:20.63"
  },
  {
    "auditId": 1066,
    "userId": -1,
    "userName": "coci",
    "actionType": "UserLogin",
    "description": "Login attempt for: coci from: No one should have set this as the computer name Success: False",
    "occuredTime": "2025-09-16T09:34:04.57"
  },
  {
    "auditId": 1067,
    "userId": 5,
    "userName": "coci",
    "actionType": "UserLogin",
    "description": "Login attempt for: coci from: No one should have set this as the computer name Success: True",
    "occuredTime": "2025-09-16T09:34:04.57"
  },
  {
    "auditId": 1065,
    "userId": 0,
    "userName": "Unknown user",
    "actionType": "ManualDriveOrder",
    "description": "Manual drive command given. Machine: Conti Rim AGV 2 To: (582)",
    "occuredTime": "2025-09-16T07:56:07.71"
  },
  {
    "auditId": 1064,
    "userId": 0,
    "userName": "Unknown user",
    "actionType": "ManualDriveOrder",
    "description": "Manual drive command given. Machine: Conti Rim AGV 2 To: (582)",
    "occuredTime": "2025-09-16T07:55:55.35"
  },
  {
    "auditId": 1063,
    "userId": 0,
    "userName": "Unknown user",
    "actionType": "ManualDriveOrder",
    "description": "Manual drive command given. Machine: Conti Rim AGV 2 To: (583)",
    "occuredTime": "2025-09-16T07:53:10.633"
  },
  {
    "auditId": 1062,
    "userId": 5,
    "userName": "coci",
    "actionType": "UserLogin",
    "description": "Login attempt for: coci from: No one should have set this as the computer name Success: True",
    "occuredTime": "2025-09-16T07:27:20.713"
  },
  {
    "auditId": 1061,
    "userId": -1,
    "userName": "coci",
    "actionType": "UserLogin",
    "description": "Login attempt for: coci from: No one should have set this as the computer name Success: False",
    "occuredTime": "2025-09-16T07:27:20.7"
  },
  {
    "auditId": 1060,
    "userId": 0,
    "userName": "Unknown user",
    "actionType": "ManualDriveOrder",
    "description": "Manual drive command given. Machine: Conti Rim AGV 2 To: X:4.089117, Y:34.86077",
    "occuredTime": "2025-09-16T06:20:42.223"
  },
  {
    "auditId": 1059,
    "userId": 0,
    "userName": "Unknown user",
    "actionType": "ManualDriveOrder",
    "description": "Manual drive command given. Machine: Conti Rim AGV 2 To: X:3.660872, Y:33.94659",
    "occuredTime": "2025-09-16T06:18:29.913"
  },
  {
    "auditId": 1058,
    "userId": 0,
    "userName": "Unknown user",
    "actionType": "ManualDriveOrder",
    "description": "Manual drive command given. Machine: Conti Rim AGV 2 To: (571)",
    "occuredTime": "2025-09-16T02:56:38.347"
  },
  {
    "auditId": 1057,
    "userId": 0,
    "userName": "Unknown user",
    "actionType": "ManualDriveOrder",
    "description": "Manual drive command given. Machine: Conti Rim AGV 2 To: (571)",
    "occuredTime": "2025-09-16T02:10:57.9"
  },
  {
    "auditId": 1056,
    "userId": 0,
    "userName": "Unknown user",
    "actionType": "ManualDriveOrder",
    "description": "Manual drive command given. Machine: Conti Rim AGV 2 To: (571)",
    "occuredTime": "2025-09-16T00:51:02.303"
  },
  {
    "auditId": 1055,
    "userId": 5,
    "userName": "coci",
    "actionType": "UserLogin",
    "description": "Login attempt for: coci from: No one should have set this as the computer name Success: True",
    "occuredTime": "2025-09-16T00:50:50.71"
  },
  {
    "auditId": 1054,
    "userId": -1,
    "userName": "coci",
    "actionType": "UserLogin",
    "description": "Login attempt for: coci from: No one should have set this as the computer name Success: False",
    "occuredTime": "2025-09-16T00:50:50.693"
  },
  {
    "auditId": 1053,
    "userId": 0,
    "userName": "Unknown user",
    "actionType": "ManualDriveOrder",
    "description": "Manual drive command given. Machine: Conti Rim AGV 1 To: Charger2 (3)",
    "occuredTime": "2025-09-15T20:31:31.513"
  },
  {
    "auditId": 1051,
    "userId": -1,
    "userName": "coci",
    "actionType": "UserLogin",
    "description": "Login attempt for: coci from: No one should have set this as the computer name Success: False",
    "occuredTime": "2025-09-15T16:56:08.203"
  },
  {
    "auditId": 1052,
    "userId": 5,
    "userName": "coci",
    "actionType": "UserLogin",
    "description": "Login attempt for: coci from: No one should have set this as the computer name Success: True",
    "occuredTime": "2025-09-15T16:56:08.203"
  },
  {
    "auditId": 1050,
    "userId": 0,
    "userName": "Unknown user",
    "actionType": "ManualDriveOrder",
    "description": "Manual drive command given. Machine: Conti Rim AGV 2 To: X:15.97072, Y:31.96851",
    "occuredTime": "2025-09-15T16:26:50.853"
  },
  {
    "auditId": 1048,
    "userId": -1,
    "userName": "coci",
    "actionType": "UserLogin",
    "description": "Login attempt for: coci from: No one should have set this as the computer name Success: False",
    "occuredTime": "2025-09-15T16:15:33.027"
  },
  {
    "auditId": 1049,
    "userId": 5,
    "userName": "coci",
    "actionType": "UserLogin",
    "description": "Login attempt for: coci from: No one should have set this as the computer name Success: True",
    "occuredTime": "2025-09-15T16:15:33.027"
  },
  {
    "auditId": 1047,
    "userId": 5,
    "userName": "coci",
    "actionType": "UserLogin",
    "description": "Login attempt for: coci from: No one should have set this as the computer name Success: True",
    "occuredTime": "2025-09-15T16:11:51.157"
  },
  {
    "auditId": 1046,
    "userId": -1,
    "userName": "coci",
    "actionType": "UserLogin",
    "description": "Login attempt for: coci from: No one should have set this as the computer name Success: False",
    "occuredTime": "2025-09-15T16:11:51.143"
  },
  {
    "auditId": 1045,
    "userId": 0,
    "userName": "Unknown user",
    "actionType": "ManualDriveOrder",
    "description": "Manual drive command given. Machine: Conti Rim AGV 1 To: (2)",
    "occuredTime": "2025-09-15T15:57:41.507"
  },
  {
    "auditId": 1044,
    "userId": 3,
    "userName": "wewo",
    "actionType": "UserLogin",
    "description": "Login attempt for: wewo from: HJVAS010 Success: True",
    "occuredTime": "2025-09-15T15:28:29.757"
  },
  {
    "auditId": 1043,
    "userId": 0,
    "userName": "Unknown user",
    "actionType": "ManualDriveOrder",
    "description": "Manual drive command given. Machine: Conti Rim AGV 2 To: X:12.42955, Y:35.48316",
    "occuredTime": "2025-09-15T15:02:03.743"
  },
  {
    "auditId": 1042,
    "userId": 5,
    "userName": "coci",
    "actionType": "UserLogin",
    "description": "Login attempt for: coci from: No one should have set this as the computer name Success: True",
    "occuredTime": "2025-09-15T10:22:58.37"
  },
  {
    "auditId": 1041,
    "userId": -1,
    "userName": "coci",
    "actionType": "UserLogin",
    "description": "Login attempt for: coci from: No one should have set this as the computer name Success: False",
    "occuredTime": "2025-09-15T10:22:58.357"
  },
  {
    "auditId": 1039,
    "userId": -1,
    "userName": "coci",
    "actionType": "UserLogin",
    "description": "Login attempt for: coci from: No one should have set this as the computer name Success: False",
    "occuredTime": "2025-09-15T09:35:54.97"
  },
  {
    "auditId": 1040,
    "userId": 5,
    "userName": "coci",
    "actionType": "UserLogin",
    "description": "Login attempt for: coci from: No one should have set this as the computer name Success: True",
    "occuredTime": "2025-09-15T09:35:54.97"
  },
  {
    "auditId": 1038,
    "userId": 0,
    "userName": "Unknown user",
    "actionType": "ManualDriveOrder",
    "description": "Manual drive command given. Machine: Conti Rim AGV 1 To: Charger2 (3)",
    "occuredTime": "2025-09-15T09:10:48.617"
  }
]