[
  {
    "auditId": 458,
    "userId": 0,
    "userName": "Unknown user",
    "actionType": "ManualDriveOrder",
    "description": "Manual drive command given. Machine: Wewo1 To: IC426 IC901 IC902 (86)",
    "occuredTime": "2025-04-16T15:27:59.053"
  },
  {
    "auditId": 457,
    "userId": 4,
    "userName": "conti",
    "actionType": "UserLogin",
    "description": "Login attempt for: conti from: KBL7310W Success: True",
    "occuredTime": "2025-04-16T15:26:31.677"
  },
  {
    "auditId": 456,
    "userId": 0,
    "userName": "Unknown user",
    "actionType": "ManualDriveOrder",
    "description": "Manual drive command given. Machine: Wewo1 To: IC911 IC912 (126)",
    "occuredTime": "2025-04-16T15:08:07.373"
  },
  {
    "auditId": 455,
    "userId": 4,
    "userName": "conti",
    "actionType": "UserLogin",
    "description": "Login attempt for: conti from: KBL7310W Success: True",
    "occuredTime": "2025-04-16T15:07:45.92"
  },
  {
    "auditId": 454,
    "userId": 0,
    "userName": "Unknown user",
    "actionType": "ManualDriveOrder",
    "description": "Manual drive command given. Machine: Wewo2 To: (139)",
    "occuredTime": "2025-04-16T14:54:29.637"
  },
  {
    "auditId": 453,
    "userId": 4,
    "userName": "conti",
    "actionType": "UserLogin",
    "description": "Login attempt for: conti from: KBL7310W Success: True",
    "occuredTime": "2025-04-16T14:45:35.34"
  },
  {
    "auditId": 452,
    "userId": 4,
    "userName": "conti",
    "actionType": "UserLogin",
    "description": "Login attempt for: conti from: No one should have set this as the computer name Success: True",
    "occuredTime": "2025-04-16T14:35:04.303"
  },
  {
    "auditId": 451,
    "userId": -1,
    "userName": "conti",
    "actionType": "UserLogin",
    "description": "Login attempt for: conti from: No one should have set this as the computer name Success: False",
    "occuredTime": "2025-04-16T14:35:04.287"
  },
  {
    "auditId": 450,
    "userId": 0,
    "userName": "Unknown user",
    "actionType": "ManualDriveOrder",
    "description": "Manual drive command given. Machine: Wewo1 To: Charger_Temp1 (138)",
    "occuredTime": "2025-04-16T14:34:18.913"
  },
  {
    "auditId": 449,
    "userId": 0,
    "userName": "Unknown user",
    "actionType": "ManualDriveOrder",
    "description": "Manual drive command given. Machine: Wewo1 To: IC541 IC542 (94)",
    "occuredTime": "2025-04-16T14:34:01.633"
  },
  {
    "auditId": 448,
    "userId": 0,
    "userName": "Unknown user",
    "actionType": "ManualDriveOrder",
    "description": "Manual drive command given. Machine: Wewo1 To: IC921 IC922 (143)",
    "occuredTime": "2025-04-16T14:32:10.38"
  },
  {
    "auditId": 447,
    "userId": 0,
    "userName": "Unknown user",
    "actionType": "ManualDriveOrder",
    "description": "Manual drive command given. Machine: Wewo1 To: IC919 IC920 (130)",
    "occuredTime": "2025-04-16T14:31:37.24"
  },
  {
    "auditId": 446,
    "userId": 4,
    "userName": "conti",
    "actionType": "UserLogin",
    "description": "Login attempt for: conti from: No one should have set this as the computer name Success: True",
    "occuredTime": "2025-04-16T14:28:12.36"
  },
  {
    "auditId": 445,
    "userId": -1,
    "userName": "conti",
    "actionType": "UserLogin",
    "description": "Login attempt for: conti from: No one should have set this as the computer name Success: False",
    "occuredTime": "2025-04-16T14:28:12.357"
  },
  {
    "auditId": 444,
    "userId": 0,
    "userName": "Unknown user",
    "actionType": "ManualDriveOrder",
    "description": "Manual drive command given. Machine: Wewo2 To: Wait1 (155)",
    "occuredTime": "2025-04-16T14:25:56.113"
  },
  {
    "auditId": 443,
    "userId": 0,
    "userName": "Unknown user",
    "actionType": "ManualDriveOrder",
    "description": "Manual drive command given. Machine: Wewo1 To: IC533 IC534 (109)",
    "occuredTime": "2025-04-16T14:23:46.787"
  },
  {
    "auditId": 442,
    "userId": 0,
    "userName": "Unknown user",
    "actionType": "ManualDriveOrder",
    "description": "Manual drive command given. Machine: Wewo1 To: IC427 (87)",
    "occuredTime": "2025-04-16T12:44:14.993"
  },
  {
    "auditId": 441,
    "userId": 0,
    "userName": "Unknown user",
    "actionType": "ManualDriveOrder",
    "description": "Manual drive command given. Machine: Wewo1 To: IC419 (83)",
    "occuredTime": "2025-04-16T12:42:22.027"
  },
  {
    "auditId": 440,
    "userId": 0,
    "userName": "Unknown user",
    "actionType": "ManualDriveOrder",
    "description": "Manual drive command given. Machine: Wewo1 To: IC418 IC424 (81)",
    "occuredTime": "2025-04-16T12:40:21.103"
  },
  {
    "auditId": 439,
    "userId": 4,
    "userName": "conti",
    "actionType": "UserLogin",
    "description": "Login attempt for: conti from: KBL7310W Success: True",
    "occuredTime": "2025-04-16T12:39:28.913"
  },
  {
    "auditId": 438,
    "userId": 0,
    "userName": "Unknown user",
    "actionType": "ManualDriveOrder",
    "description": "Manual drive command given. Machine: Wewo2 To: X:87,65854, Y:16,94483",
    "occuredTime": "2025-04-16T11:43:30.957"
  },
  {
    "auditId": 437,
    "userId": 0,
    "userName": "Unknown user",
    "actionType": "ManualDriveOrder",
    "description": "Manual drive command given. Machine: Wewo2 To: X:122,4016, Y:18,39245",
    "occuredTime": "2025-04-16T11:34:03.517"
  },
  {
    "auditId": 436,
    "userId": 3,
    "userName": "wewo",
    "actionType": "UserLogin",
    "description": "Login attempt for: wewo from: No one should have set this as the computer name Success: True",
    "occuredTime": "2025-04-16T10:55:47.837"
  },
  {
    "auditId": 435,
    "userId": -1,
    "userName": "wewo",
    "actionType": "UserLogin",
    "description": "Login attempt for: wewo from: No one should have set this as the computer name Success: False",
    "occuredTime": "2025-04-16T10:55:47.83"
  },
  {
    "auditId": 434,
    "userId": 0,
    "userName": "Unknown user",
    "actionType": "ManualDriveOrder",
    "description": "Manual drive command given. Machine: Wewo2 To: IC315 IC316 (51)",
    "occuredTime": "2025-04-16T10:51:36.113"
  },
  {
    "auditId": 433,
    "userId": 4,
    "userName": "conti",
    "actionType": "UserLogin",
    "description": "Login attempt for: conti from: KBL7310W Success: True",
    "occuredTime": "2025-04-16T10:51:19.287"
  },
  {
    "auditId": 432,
    "userId": 0,
    "userName": "Unknown user",
    "actionType": "ManualDriveOrder",
    "description": "Manual drive command given. Machine: Wewo2 To: IC911 IC912 (126)",
    "occuredTime": "2025-04-16T10:31:38.673"
  },
  {
    "auditId": 431,
    "userId": 4,
    "userName": "conti",
    "actionType": "UserLogin",
    "description": "Login attempt for: conti from: KBL7310W Success: True",
    "occuredTime": "2025-04-16T10:30:58.47"
  },
  {
    "auditId": 430,
    "userId": 0,
    "userName": "Unknown user",
    "actionType": "ManualDriveOrder",
    "description": "Manual drive command given. Machine: Wewo1 To: IC629 IC630 (123)",
    "occuredTime": "2025-04-16T10:21:52.17"
  },
  {
    "auditId": 429,
    "userId": 0,
    "userName": "Unknown user",
    "actionType": "ManualDriveOrder",
    "description": "Manual drive command given. Machine: Wewo2 To: IC811 IC812 (120)",
    "occuredTime": "2025-04-16T09:54:46.593"
  },
  {
    "auditId": 428,
    "userId": 0,
    "userName": "Unknown user",
    "actionType": "ManualDriveOrder",
    "description": "Manual drive command given. Machine: Wewo2 To: X:117,0006, Y:26,33274",
    "occuredTime": "2025-04-16T09:54:04.87"
  },
  {
    "auditId": 427,
    "userId": 0,
    "userName": "Unknown user",
    "actionType": "ManualDriveOrder",
    "description": "Manual drive command given. Machine: Wewo2 To: X:120,6291, Y:26,50673",
    "occuredTime": "2025-04-16T09:53:51.857"
  },
  {
    "auditId": 426,
    "userId": 0,
    "userName": "Unknown user",
    "actionType": "ManualDriveOrder",
    "description": "Manual drive command given. Machine: Wewo2 To: IC903 IC904 (88)",
    "occuredTime": "2025-04-16T09:35:21.223"
  },
  {
    "auditId": 425,
    "userId": 0,
    "userName": "Unknown user",
    "actionType": "ManualDriveOrder",
    "description": "Manual drive command given. Machine: Wewo2 To: IC537 IC538 (90)",
    "occuredTime": "2025-04-16T09:33:52.86"
  },
  {
    "auditId": 424,
    "userId": 0,
    "userName": "Unknown user",
    "actionType": "ManualDriveOrder",
    "description": "Manual drive command given. Machine: Wewo2 To: IC539 IC540 (92)",
    "occuredTime": "2025-04-16T09:31:38.94"
  },
  {
    "auditId": 423,
    "userId": 0,
    "userName": "Unknown user",
    "actionType": "ManualDriveOrder",
    "description": "Manual drive command given. Machine: Wewo2 To: IC117 IC118 (40)",
    "occuredTime": "2025-04-16T09:30:19.37"
  },
  {
    "auditId": 422,
    "userId": 0,
    "userName": "Unknown user",
    "actionType": "ManualDriveOrder",
    "description": "Manual drive command given. Machine: Wewo2 To: (151)",
    "occuredTime": "2025-04-16T09:29:25.18"
  },
  {
    "auditId": 421,
    "userId": 4,
    "userName": "conti",
    "actionType": "UserLogin",
    "description": "Login attempt for: conti from: KBL7310W Success: True",
    "occuredTime": "2025-04-16T09:28:19.173"
  },
  {
    "auditId": 420,
    "userId": 4,
    "userName": "conti",
    "actionType": "UserLogin",
    "description": "Login attempt for: conti from: KBL7310W Success: True",
    "occuredTime": "2025-04-16T09:13:37.327"
  },
  {
    "auditId": 419,
    "userId": 0,
    "userName": "Unknown user",
    "actionType": "ManualDriveOrder",
    "description": "Manual drive command given. Machine: Wewo2 To: IC811 IC812 (120)",
    "occuredTime": "2025-04-16T09:04:08.887"
  },
  {
    "auditId": 418,
    "userId": 4,
    "userName": "conti",
    "actionType": "UserLogin",
    "description": "Login attempt for: conti from: KBL7310W Success: True",
    "occuredTime": "2025-04-16T09:02:54.213"
  },
  {
    "auditId": 417,
    "userId": 0,
    "userName": "Unknown user",
    "actionType": "ManualDriveOrder",
    "description": "Manual drive command given. Machine: Wewo2 To: (16)",
    "occuredTime": "2025-04-16T08:47:50.24"
  },
  {
    "auditId": 416,
    "userId": 0,
    "userName": "Unknown user",
    "actionType": "ManualDriveOrder",
    "description": "Manual drive command given. Machine: Wewo2 To: (16)",
    "occuredTime": "2025-04-16T08:47:42.803"
  },
  {
    "auditId": 415,
    "userId": 0,
    "userName": "Unknown user",
    "actionType": "ManualDriveOrder",
    "description": "Manual drive command given. Machine: Wewo2 To: X:30,56758, Y:34,77357",
    "occuredTime": "2025-04-16T08:46:10.707"
  },
  {
    "auditId": 414,
    "userId": 4,
    "userName": "conti",
    "actionType": "UserLogin",
    "description": "Login attempt for: conti from: KBL7310W Success: True",
    "occuredTime": "2025-04-16T08:45:51.587"
  },
  {
    "auditId": 413,
    "userId": 3,
    "userName": "Unknown user",
    "actionType": "RequestOverridesReload",
    "description": "Override reload requested",
    "occuredTime": "2025-04-16T08:42:12.943"
  },
  {
    "auditId": 412,
    "userId": 3,
    "userName": "Unknown user",
    "actionType": "RequestAreaReload",
    "description": "Area reload requested",
    "occuredTime": "2025-04-16T08:42:12.443"
  },
  {
    "auditId": 411,
    "userId": 0,
    "userName": "Unknown user",
    "actionType": "ActiveFilesChanged",
    "description": "Machine type parameters changed. Mtype: 540036 Old: 120 New: 121",
    "occuredTime": "2025-04-16T08:41:56.567"
  },
  {
    "auditId": 410,
    "userId": 3,
    "userName": "Unknown user",
    "actionType": "FilesUploaded",
    "description": "Files uploaded. Token: 01741de1-8e45-436b-bac8-c218735b50d2",
    "occuredTime": "2025-04-16T08:41:33.427"
  },
  {
    "auditId": 409,
    "userId": 4,
    "userName": "conti",
    "actionType": "UserLogin",
    "description": "Login attempt for: conti from: No one should have set this as the computer name Success: True",
    "occuredTime": "2025-04-16T08:32:37.953"
  },
  {
    "auditId": 408,
    "userId": -1,
    "userName": "conti",
    "actionType": "UserLogin",
    "description": "Login attempt for: conti from: No one should have set this as the computer name Success: False",
    "occuredTime": "2025-04-16T08:32:37.937"
  },
  {
    "auditId": 407,
    "userId": 0,
    "userName": "Unknown user",
    "actionType": "ManualDriveOrder",
    "description": "Manual drive command given. Machine: Wewo1 To: Maintenance1 (141)",
    "occuredTime": "2025-04-15T15:20:46.36"
  },
  {
    "auditId": 406,
    "userId": 0,
    "userName": "Unknown user",
    "actionType": "ManualDriveOrder",
    "description": "Manual drive command given. Machine: Wewo1 To: X:80,85535, Y:16,85562",
    "occuredTime": "2025-04-15T15:19:15.987"
  },
  {
    "auditId": 405,
    "userId": 0,
    "userName": "Unknown user",
    "actionType": "ManualDriveOrder",
    "description": "Manual drive command given. Machine: Wewo1 To: X:30,67321, Y:26,21732",
    "occuredTime": "2025-04-15T15:01:28.403"
  },
  {
    "auditId": 404,
    "userId": 0,
    "userName": "Unknown user",
    "actionType": "ManualDriveOrder",
    "description": "Manual drive command given. Machine: Wewo1 To: X:30,56758, Y:26,00605",
    "occuredTime": "2025-04-15T15:01:22.95"
  },
  {
    "auditId": 403,
    "userId": 0,
    "userName": "Unknown user",
    "actionType": "ManualDriveOrder",
    "description": "Manual drive command given. Machine: Wewo1 To: X:30,46195, Y:25,16099",
    "occuredTime": "2025-04-15T15:01:13.153"
  },
  {
    "auditId": 402,
    "userId": 0,
    "userName": "Unknown user",
    "actionType": "ManualDriveOrder",
    "description": "Manual drive command given. Machine: Wewo1 To: (154)",
    "occuredTime": "2025-04-15T14:59:17.747"
  },
  {
    "auditId": 401,
    "userId": 0,
    "userName": "Unknown user",
    "actionType": "ManualDriveOrder",
    "description": "Manual drive command given. Machine: Wewo1 To: X:30,77885, Y:24,94973",
    "occuredTime": "2025-04-15T14:59:09.653"
  },
  {
    "auditId": 400,
    "userId": 0,
    "userName": "Unknown user",
    "actionType": "ManualDriveOrder",
    "description": "Manual drive command given. Machine: Wewo1 To: IC205 IC206 (26)",
    "occuredTime": "2025-04-15T14:54:04.887"
  },
  {
    "auditId": 399,
    "userId": 0,
    "userName": "Unknown user",
    "actionType": "ManualDriveOrder",
    "description": "Manual drive command given. Machine: Wewo1 To: IC315 IC316 (51)",
    "occuredTime": "2025-04-15T14:53:21.84"
  },
  {
    "auditId": 398,
    "userId": 0,
    "userName": "Unknown user",
    "actionType": "ManualDriveOrder",
    "description": "Manual drive command given. Machine: Wewo1 To: X:84,33464, Y:38,25945",
    "occuredTime": "2025-04-15T14:51:21.683"
  },
  {
    "auditId": 397,
    "userId": 0,
    "userName": "Unknown user",
    "actionType": "ManualDriveOrder",
    "description": "Manual drive command given. Machine: Wewo1 To: IC205 IC206 (26)",
    "occuredTime": "2025-04-15T14:47:03.493"
  },
  {
    "auditId": 396,
    "userId": 0,
    "userName": "Unknown user",
    "actionType": "ManualDriveOrder",
    "description": "Manual drive command given. Machine: Wewo1 To: X:84,96844, Y:43,64672",
    "occuredTime": "2025-04-15T14:46:10.243"
  },
  {
    "auditId": 395,
    "userId": 0,
    "userName": "Unknown user",
    "actionType": "ManualDriveOrder",
    "description": "Manual drive command given. Machine: Wewo1 To: (148)",
    "occuredTime": "2025-04-15T14:24:56.58"
  },
  {
    "auditId": 394,
    "userId": 4,
    "userName": "conti",
    "actionType": "UserLogin",
    "description": "Login attempt for: conti from: No one should have set this as the computer name Success: True",
    "occuredTime": "2025-04-15T14:20:29.343"
  },
  {
    "auditId": 393,
    "userId": -1,
    "userName": "conti",
    "actionType": "UserLogin",
    "description": "Login attempt for: conti from: No one should have set this as the computer name Success: False",
    "occuredTime": "2025-04-15T14:20:29.34"
  },
  {
    "auditId": 392,
    "userId": 0,
    "userName": "Unknown user",
    "actionType": "ManualDriveOrder",
    "description": "Manual drive command given. Machine: Wewo1 To: Wait1 (155)",
    "occuredTime": "2025-04-15T14:19:03.58"
  },
  {
    "auditId": 391,
    "userId": 0,
    "userName": "Unknown user",
    "actionType": "ManualDriveOrder",
    "description": "Manual drive command given. Machine: Wewo1 To: X:30,46195, Y:24,94973",
    "occuredTime": "2025-04-15T14:17:08.533"
  },
  {
    "auditId": 390,
    "userId": 0,
    "userName": "Unknown user",
    "actionType": "ManualDriveOrder",
    "description": "Manual drive command given. Machine: Wewo1 To: X:86,76419, Y:16,81601",
    "occuredTime": "2025-04-15T14:15:30.437"
  },
  {
    "auditId": 389,
    "userId": 4,
    "userName": "conti",
    "actionType": "UserLogin",
    "description": "Login attempt for: conti from: KBL7310W Success: True",
    "occuredTime": "2025-04-15T12:48:20.717"
  },
  {
    "auditId": 388,
    "userId": 0,
    "userName": "Unknown user",
    "actionType": "ManualDriveOrder",
    "description": "Manual drive command given. Machine: Wewo1 To: Maintenance1 (141)",
    "occuredTime": "2025-04-15T12:40:32.413"
  },
  {
    "auditId": 387,
    "userId": 0,
    "userName": "Unknown user",
    "actionType": "ManualDriveOrder",
    "description": "Manual drive command given. Machine: Wewo1 To: (150)",
    "occuredTime": "2025-04-15T12:38:48.63"
  },
  {
    "auditId": 386,
    "userId": 0,
    "userName": "Unknown user",
    "actionType": "ManualDriveOrder",
    "description": "Manual drive command given. Machine: Wewo1 To: IC309 IC310 (48)",
    "occuredTime": "2025-04-15T12:35:10.677"
  },
  {
    "auditId": 385,
    "userId": 0,
    "userName": "Unknown user",
    "actionType": "ManualDriveOrder",
    "description": "Manual drive command given. Machine: Wewo1 To: IC309 IC310 (48)",
    "occuredTime": "2025-04-15T12:35:06.113"
  },
  {
    "auditId": 384,
    "userId": 0,
    "userName": "Unknown user",
    "actionType": "ManualDriveOrder",
    "description": "Manual drive command given. Machine: Wewo1 To: IC301 IC302 (44)",
    "occuredTime": "2025-04-15T12:34:59.85"
  },
  {
    "auditId": 383,
    "userId": 0,
    "userName": "Unknown user",
    "actionType": "ManualDriveOrder",
    "description": "Manual drive command given. Machine: Wewo1 To: X:137,2673, Y:20,68459",
    "occuredTime": "2025-04-15T12:34:40.02"
  },
  {
    "auditId": 382,
    "userId": 0,
    "userName": "Unknown user",
    "actionType": "ManualDriveOrder",
    "description": "Manual drive command given. Machine: Wewo1 To: IC911 IC912 (126)",
    "occuredTime": "2025-04-15T12:32:32.833"
  },
  {
    "auditId": 381,
    "userId": 0,
    "userName": "Unknown user",
    "actionType": "ManualDriveOrder",
    "description": "Manual drive command given. Machine: Wewo1 To: (16)",
    "occuredTime": "2025-04-15T12:17:57.97"
  },
  {
    "auditId": 380,
    "userId": 0,
    "userName": "Unknown user",
    "actionType": "ManualDriveOrder",
    "description": "Manual drive command given. Machine: Wewo2 To: Charger_Temp1 (138)",
    "occuredTime": "2025-04-15T12:15:52.907"
  },
  {
    "auditId": 379,
    "userId": 0,
    "userName": "Unknown user",
    "actionType": "ManualDriveOrder",
    "description": "Manual drive command given. Machine: Wewo1 To: (16)",
    "occuredTime": "2025-04-15T12:14:41.703"
  },
  {
    "auditId": 378,
    "userId": 0,
    "userName": "Unknown user",
    "actionType": "ManualDriveOrder",
    "description": "Manual drive command given. Machine: Wewo2 To: Maintenance1 (141)",
    "occuredTime": "2025-04-15T12:14:40.47"
  },
  {
    "auditId": 377,
    "userId": 0,
    "userName": "Unknown user",
    "actionType": "ManualDriveOrder",
    "description": "Manual drive command given. Machine: Wewo1 To: (16)",
    "occuredTime": "2025-04-15T12:13:52.79"
  },
  {
    "auditId": 376,
    "userId": 0,
    "userName": "Unknown user",
    "actionType": "ManualDriveOrder",
    "description": "Manual drive command given. Machine: Wewo1 To: X:28,3935, Y:28,55532",
    "occuredTime": "2025-04-15T12:13:43.133"
  },
  {
    "auditId": 375,
    "userId": 0,
    "userName": "Unknown user",
    "actionType": "ManualDriveOrder",
    "description": "Manual drive command given. Machine: Wewo1 To: X:30,57054, Y:21,22211",
    "occuredTime": "2025-04-15T12:13:09.747"
  },
  {
    "auditId": 374,
    "userId": 0,
    "userName": "Unknown user",
    "actionType": "ManualDriveOrder",
    "description": "Manual drive command given. Machine: Wewo1 To: (16)",
    "occuredTime": "2025-04-15T12:12:56.857"
  },
  {
    "auditId": 373,
    "userId": 0,
    "userName": "Unknown user",
    "actionType": "ManualDriveOrder",
    "description": "Manual drive command given. Machine: Wewo1 To: X:26,10187, Y:28,7272",
    "occuredTime": "2025-04-15T12:12:49.5"
  },
  {
    "auditId": 372,
    "userId": 0,
    "userName": "Unknown user",
    "actionType": "ManualDriveOrder",
    "description": "Manual drive command given. Machine: Wewo1 To: X:25,64354, Y:28,89907",
    "occuredTime": "2025-04-15T12:11:59.673"
  },
  {
    "auditId": 371,
    "userId": 0,
    "userName": "Unknown user",
    "actionType": "ManualDriveOrder",
    "description": "Manual drive command given. Machine: Wewo1 To: X:26,16871, Y:28,81313",
    "occuredTime": "2025-04-15T12:11:42.597"
  },
  {
    "auditId": 370,
    "userId": 0,
    "userName": "Unknown user",
    "actionType": "ManualDriveOrder",
    "description": "Manual drive command given. Machine: Wewo1 To: (16)",
    "occuredTime": "2025-04-15T12:11:34.747"
  },
  {
    "auditId": 369,
    "userId": 0,
    "userName": "Unknown user",
    "actionType": "ManualDriveOrder",
    "description": "Manual drive command given. Machine: Wewo1 To: (16)",
    "occuredTime": "2025-04-15T12:11:10.163"
  },
  {
    "auditId": 368,
    "userId": 0,
    "userName": "Unknown user",
    "actionType": "ManualDriveOrder",
    "description": "Manual drive command given. Machine: Wewo1 To: X:-4,882866, Y:29,23326",
    "occuredTime": "2025-04-15T12:10:49.193"
  },
  {
    "auditId": 367,
    "userId": 0,
    "userName": "Unknown user",
    "actionType": "ManualDriveOrder",
    "description": "Manual drive command given. Machine: Wewo1 To: X:30,45915, Y:35,03872",
    "occuredTime": "2025-04-15T12:05:21.107"
  },
  {
    "auditId": 366,
    "userId": 0,
    "userName": "Unknown user",
    "actionType": "ManualDriveOrder",
    "description": "Manual drive command given. Machine: Wewo1 To: X:26,89439, Y:28,72401",
    "occuredTime": "2025-04-15T12:02:48.343"
  },
  {
    "auditId": 365,
    "userId": 0,
    "userName": "Unknown user",
    "actionType": "ManualDriveOrder",
    "description": "Manual drive command given. Machine: Wewo2 To: IC427 (87)",
    "occuredTime": "2025-04-15T11:49:24.667"
  },
  {
    "auditId": 364,
    "userId": 4,
    "userName": "conti",
    "actionType": "UserLogin",
    "description": "Login attempt for: conti from: KBL7310W Success: True",
    "occuredTime": "2025-04-15T11:49:20.43"
  },
  {
    "auditId": 363,
    "userId": 0,
    "userName": "Unknown user",
    "actionType": "ManualDriveOrder",
    "description": "Manual drive command given. Machine: Wewo2 To: IC625 IC626 (119)",
    "occuredTime": "2025-04-15T11:48:55.557"
  },
  {
    "auditId": 362,
    "userId": 0,
    "userName": "Unknown user",
    "actionType": "ManualDriveOrder",
    "description": "Manual drive command given. Machine: Wewo1 To: ICDI1 (131)",
    "occuredTime": "2025-04-15T11:32:33.097"
  },
  {
    "auditId": 361,
    "userId": 0,
    "userName": "Unknown user",
    "actionType": "ManualDriveOrder",
    "description": "Manual drive command given. Machine: Wewo1 To: X:27,06268, Y:28,95114",
    "occuredTime": "2025-04-15T11:31:52.473"
  },
  {
    "auditId": 360,
    "userId": 0,
    "userName": "Unknown user",
    "actionType": "ManualDriveOrder",
    "description": "Manual drive command given. Machine: Wewo1 To: X:26,24788, Y:28,95114",
    "occuredTime": "2025-04-15T11:31:43.77"
  },
  {
    "auditId": 359,
    "userId": 0,
    "userName": "Unknown user",
    "actionType": "ManualDriveOrder",
    "description": "Manual drive command given. Machine: Wewo1 To: IC109 IC110 (36)",
    "occuredTime": "2025-04-15T11:12:17.983"
  }
]