14.04.2025 12:00:40 - Started Navithor Server version: 2.52.0.0 commit: 4ff521294640

14.04.2025 12:00:40 - Licensed for hardware: 6CC0-FFCE-E1B2-8E80-4DBC
14.04.2025 12:00:44 - Operating system: Microsoft Windows Server 2022 Standard 20348
CPU: Intel(R) Xeon(R) Gold 6348 CPU @ 2.60GHz
RAM: 15999 MB
Virtual machine: True

14.04.2025 12:00:44 - After logger is setup
14.04.2025 12:00:44 - After Application is setup
14.04.2025 12:00:44 - After event linking
14.04.2025 12:00:44 - After program creation
14.04.2025 12:00:45 - 0 - Starting Navithor Server, please wait
14.04.2025 12:00:45 - 1 - Validating Licence...
14.04.2025 12:00:45 - 2 - Starting Navithor Server, please wait. Directory: C:\Navitec\NavithorServer_2.52.0.0\NavithorServer
14.04.2025 12:00:45 - 3 - Starting Navithor Server, please wait
14.04.2025 12:00:45 - 4 - Starting Navithor Server, please wait
14.04.2025 12:00:45 - 5 - Starting Navithor Server, please wait
14.04.2025 12:00:45 - 6 - Starting Navithor Server, please wait. Initializing logger.
14.04.2025 12:00:45 - 7 - Setting up database...
14.04.2025 12:00:45 - 8 - Setting database... Reading config file
14.04.2025 12:00:45 - 9 - Setting database... Setup database. File successfully read
14.04.2025 12:00:45 - 10 - Setting database... Database connection configuration successfully read
14.04.2025 12:00:45 - 11 - Setting up main database...
14.04.2025 12:00:45 - 12 - Setting database... Main db name: NTDB_Production
14.04.2025 12:00:45 - 12 - Setting database... Database Manager created
14.04.2025 12:00:45 - 12 - Setting database... Event handlers set
14.04.2025 12:00:46 - 12 - Setting database... Setting up database manager ready
14.04.2025 12:00:46 - 12 - Setting database... Main database manager set
14.04.2025 12:00:46 - 12 - Setting database... Database version 2,25
14.04.2025 12:00:46 - 13 - Setting database... Set db operations
14.04.2025 12:00:46 - 14 - Setting database... Set indirect proxy
14.04.2025 12:00:46 - 15 - Setting database... Initializing load capacities
14.04.2025 12:00:48 - 16 - Setting database... Initializing EraFileHandler
14.04.2025 12:00:48 - 17 - Setting database... Alarms and errors initialized
14.04.2025 12:00:48 - 18 - Setting database... Active directory authentication initialized
14.04.2025 12:00:48 - 19 - Setting database... Reseting alarms
14.04.2025 12:00:48 - 33 - Initializing resource manager...
14.04.2025 12:00:48 - 34 - Initializing resource manager...
14.04.2025 12:00:49 - 35 - Initializing resource manager...
14.04.2025 12:00:49 - 36 - Initializing resource manager...
14.04.2025 12:00:49 - 37 - Initializing resource manager...
14.04.2025 12:00:49 - 38 - Initializing resource manager...
14.04.2025 12:00:49 - 39 - Reading area files... Creating AreaManager
14.04.2025 12:00:49 - 40 - Reading area files into memory...
14.04.2025 12:00:50 - 41 - Reading area files... Area files read
14.04.2025 12:00:50 - 42 - Reading area files... Areas updated
14.04.2025 12:00:50 - 43 - Reading area files... Gate updated
14.04.2025 12:00:50 - 44 - Reading area files... Creating route planner
14.04.2025 12:00:50 - 45 - Reading area files... Creating scheduler
14.04.2025 12:00:50 - 46 - Initializing services...
14.04.2025 12:00:50 - 47 - Initializing services...
14.04.2025 12:00:50 - 48 - Initializing services...
14.04.2025 12:00:50 - 49 - Initializing services...
14.04.2025 12:00:50 - 50 - Initializing services...
14.04.2025 12:00:50 - 51 - Initializing services...
14.04.2025 12:00:51 - 52 - Initializing services...
14.04.2025 12:00:51 - 53 - Initializing services...
14.04.2025 12:00:51 - 54 - Initializing fleet simulator if allowed
14.04.2025 12:00:51 - 55 - Initializing services...
14.04.2025 12:00:51 - 56 - Initializing services...
14.04.2025 12:00:51 - 57 - Initializing services...
14.04.2025 12:00:51 - 58 - Initializing services... AD disabled
14.04.2025 12:00:51 - 59 - Initializing services... ServerData
14.04.2025 12:00:51 - 60 - Initializing services...
14.04.2025 12:00:51 - 61 - Initializing services...
14.04.2025 12:00:51 - 62 - Initializing services...
14.04.2025 12:00:51 - 63 - Initializing services... Service events subscribed
14.04.2025 12:00:51 - 64 - Initializing services...
14.04.2025 12:00:51 - 65 - Initializing services... Service Data
14.04.2025 12:00:51 - 66 - Initializing services... Starting resource manager
14.04.2025 12:00:51 - 67 - Initializing services... Starting traffic controller
14.04.2025 12:00:51 - 68 - Initializing services complete
14.04.2025 12:00:51 - 69 - Area manager okProductionAreaNotOperational
14.04.2025 12:00:51 - 70 - Initializing MES, port: 8015
14.04.2025 12:00:51 - 71 - MES ready. Initializing other comms.
14.04.2025 12:00:51 - 72 - Initializing WebSocket comms
14.04.2025 12:00:51 - 73 - WebSockets ready. Initializing other comms.
14.04.2025 12:00:51 - 74 - MQ comms created. Linking events.
14.04.2025 12:00:51 - 75 - Initializing comms complete. Updating machines.
14.04.2025 12:00:51 - 76 - Machines loaded from database - 2 machines enabled, 2 machines total
14.04.2025 12:00:51 - 77 - Initializing resource manager...
14.04.2025 12:00:51 - 78 - Binding resources.
14.04.2025 12:00:54 - 79 - Initializing orders
14.04.2025 12:00:54 - 80 - Loading POL templates from DB
14.04.2025 12:00:54 - 81 - Loading Active POL from DB
14.04.2025 12:00:54 - 82 - Set TC Parameter observer
14.04.2025 12:00:54 - 83 - Setup cluster
14.04.2025 12:00:54 - 84 - Setup statistics
14.04.2025 12:00:54 - 85 - Setup Visual replay
14.04.2025 12:00:54 - 86 - Setup ChargeManager
14.04.2025 12:00:54 - 87 - Setup Elevators
14.04.2025 12:00:54 - 88 - Starting MES
14.04.2025 12:00:54 - 89 - Initializing services... Trying to open Server service host
14.04.2025 12:00:55 - 90 - Initializing services... Trying to open Server Stream host
14.04.2025 12:00:55 - 91 - Initializing services... Web Server enabled
14.04.2025 12:00:55 - 92 - Initializing services... Web server configuration started asynchronously.
14.04.2025 12:00:55 - 100 - Complete
14.04.2025 12:00:56 - 93 - Initializing services... Web server host sockets open, all files written.
14.04.2025 12:00:56 - 94 - Initializing services... Web server configured on address: http://+:1234/
14.04.2025 12:12:22 - 0 - Starting Navithor Server, please wait
14.04.2025 12:12:22 - 1 - Validating Licence...
14.04.2025 12:12:22 - 2 - Starting Navithor Server, please wait. Directory: C:\Navitec\NavithorServer_2.52.0.0\NavithorServer
14.04.2025 12:12:22 - 3 - Starting Navithor Server, please wait
14.04.2025 12:12:22 - 4 - Starting Navithor Server, please wait
14.04.2025 12:12:22 - 5 - Starting Navithor Server, please wait
14.04.2025 12:12:22 - 6 - Starting Navithor Server, please wait. Initializing logger.
14.04.2025 12:12:22 - 7 - Setting up database...
14.04.2025 12:12:22 - 8 - Setting database... Reading config file
14.04.2025 12:12:23 - 9 - Setting database... Setup database. File successfully read
14.04.2025 12:12:23 - 10 - Setting database... Database connection configuration successfully read
14.04.2025 12:12:23 - 11 - Setting up main database...
14.04.2025 12:12:23 - 12 - Setting database... Main db name: NTDB_Production
14.04.2025 12:12:23 - 12 - Setting database... Database Manager created
14.04.2025 12:12:23 - 12 - Setting database... Event handlers set
14.04.2025 12:12:23 - 12 - Setting database... Setting up database manager ready
14.04.2025 12:12:23 - 12 - Setting database... Main database manager set
14.04.2025 12:12:23 - 12 - Setting database... Database version 2,25
14.04.2025 12:12:23 - 13 - Setting database... Set db operations
14.04.2025 12:12:23 - 14 - Setting database... Set indirect proxy
14.04.2025 12:12:23 - 15 - Setting database... Initializing load capacities
14.04.2025 12:12:25 - 16 - Setting database... Initializing EraFileHandler
14.04.2025 12:12:25 - 17 - Setting database... Alarms and errors initialized
14.04.2025 12:12:25 - 18 - Setting database... Active directory authentication initialized
14.04.2025 12:12:25 - 19 - Setting database... Reseting alarms
14.04.2025 12:12:26 - 33 - Initializing resource manager...
14.04.2025 12:12:26 - 34 - Initializing resource manager...
14.04.2025 12:12:26 - 35 - Initializing resource manager...
14.04.2025 12:12:26 - 36 - Initializing resource manager...
14.04.2025 12:12:26 - 37 - Initializing resource manager...
14.04.2025 12:12:26 - 38 - Initializing resource manager...
14.04.2025 12:12:26 - 39 - Reading area files... Creating AreaManager
14.04.2025 12:12:26 - 40 - Reading area files into memory...
14.04.2025 12:12:27 - 41 - Reading area files... Area files read
14.04.2025 12:12:27 - 42 - Reading area files... Areas updated
14.04.2025 12:12:27 - 43 - Reading area files... Gate updated
14.04.2025 12:12:27 - 44 - Reading area files... Creating route planner
14.04.2025 12:12:27 - 45 - Reading area files... Creating scheduler
14.04.2025 12:12:27 - 46 - Initializing services...
14.04.2025 12:12:27 - 47 - Initializing services...
14.04.2025 12:12:27 - 48 - Initializing services...
14.04.2025 12:12:27 - 49 - Initializing services...
14.04.2025 12:12:27 - 50 - Initializing services...
14.04.2025 12:12:27 - 51 - Initializing services...
14.04.2025 12:12:27 - 52 - Initializing services...
14.04.2025 12:12:27 - 53 - Initializing services...
14.04.2025 12:12:27 - 54 - Initializing fleet simulator if allowed
14.04.2025 12:12:27 - 55 - Initializing services...
14.04.2025 12:12:27 - 56 - Initializing services...
14.04.2025 12:12:27 - 57 - Initializing services...
14.04.2025 12:12:27 - 58 - Initializing services... AD disabled
14.04.2025 12:12:27 - 59 - Initializing services... ServerData
14.04.2025 12:12:27 - 60 - Initializing services...
14.04.2025 12:12:27 - 61 - Initializing services...
14.04.2025 12:12:27 - 62 - Initializing services...
14.04.2025 12:12:28 - 63 - Initializing services... Service events subscribed
14.04.2025 12:12:28 - 64 - Initializing services...
14.04.2025 12:12:28 - 65 - Initializing services... Service Data
14.04.2025 12:12:28 - 66 - Initializing services... Starting resource manager
14.04.2025 12:12:28 - 67 - Initializing services... Starting traffic controller
14.04.2025 12:12:28 - 68 - Initializing services complete
14.04.2025 12:12:28 - 69 - Area manager okProductionAreaNotOperational
14.04.2025 12:12:28 - 70 - Initializing MES, port: 8015
14.04.2025 12:12:28 - 71 - MES ready. Initializing other comms.
14.04.2025 12:12:28 - 72 - Initializing WebSocket comms
14.04.2025 12:12:28 - 73 - WebSockets ready. Initializing other comms.
14.04.2025 12:12:28 - 74 - MQ comms created. Linking events.
14.04.2025 12:12:28 - 75 - Initializing comms complete. Updating machines.
14.04.2025 12:12:28 - 76 - Machines loaded from database - 2 machines enabled, 2 machines total
14.04.2025 12:12:28 - 77 - Initializing resource manager...
14.04.2025 12:12:28 - 78 - Binding resources.
14.04.2025 12:12:31 - 79 - Initializing orders
14.04.2025 12:12:31 - 80 - Loading POL templates from DB
14.04.2025 12:12:31 - 81 - Loading Active POL from DB
14.04.2025 12:12:31 - 82 - Set TC Parameter observer
14.04.2025 12:12:31 - 83 - Setup cluster
14.04.2025 12:12:31 - 84 - Setup statistics
14.04.2025 12:12:31 - 85 - Setup Visual replay
14.04.2025 12:12:31 - 86 - Setup ChargeManager
14.04.2025 12:12:31 - 87 - Setup Elevators
14.04.2025 12:12:31 - 88 - Starting MES
14.04.2025 12:12:31 - 89 - Initializing services... Trying to open Server service host
14.04.2025 12:12:32 - 90 - Initializing services... Trying to open Server Stream host
14.04.2025 12:12:32 - 91 - Initializing services... Web Server enabled
14.04.2025 12:12:32 - 92 - Initializing services... Web server configuration started asynchronously.
14.04.2025 12:12:32 - 100 - Complete
14.04.2025 12:12:33 - 93 - Initializing services... Web server host sockets open, all files written.
14.04.2025 12:12:33 - 94 - Initializing services... Web server configured on address: http://+:1234/
14.04.2025 12:13:59 - 0 - Starting Navithor Server, please wait
14.04.2025 12:13:59 - 1 - Validating Licence...
14.04.2025 12:13:59 - 2 - Starting Navithor Server, please wait. Directory: C:\Navitec\NavithorServer_2.52.0.0\NavithorServer
14.04.2025 12:13:59 - 3 - Starting Navithor Server, please wait
14.04.2025 12:13:59 - 4 - Starting Navithor Server, please wait
14.04.2025 12:13:59 - 5 - Starting Navithor Server, please wait
14.04.2025 12:13:59 - 6 - Starting Navithor Server, please wait. Initializing logger.
14.04.2025 12:13:59 - 7 - Setting up database...
14.04.2025 12:13:59 - 8 - Setting database... Reading config file
14.04.2025 12:14:00 - 9 - Setting database... Setup database. File successfully read
14.04.2025 12:14:00 - 10 - Setting database... Database connection configuration successfully read
14.04.2025 12:14:00 - 11 - Setting up main database...
14.04.2025 12:14:00 - 12 - Setting database... Main db name: NTDB_Production
14.04.2025 12:14:00 - 12 - Setting database... Database Manager created
14.04.2025 12:14:00 - 12 - Setting database... Event handlers set
14.04.2025 12:14:05 - 12 - Setting database... Connection to main database failed failed, retrying in 5 seconds...
14.04.2025 12:14:05 - 12 - Setting database... Main database manager set
14.04.2025 12:14:05 - 12 - Failed to setup main database NTDB_Production. Retrying in 5 seconds.
14.04.2025 12:14:10 - 12 - Setting database... Main db name: NTDB_Production
14.04.2025 12:14:10 - 12 - Setting database... Database Manager created
14.04.2025 12:14:10 - 12 - Setting database... Event handlers set
14.04.2025 12:14:15 - 12 - Setting database... Connection to main database failed failed, retrying in 5 seconds...
14.04.2025 12:14:15 - 12 - Setting database... Main database manager set
14.04.2025 12:14:15 - 12 - Failed to setup main database NTDB_Production. Retrying in 5 seconds.
14.04.2025 12:14:20 - 12 - Setting database... Main db name: NTDB_Production
14.04.2025 12:14:20 - 12 - Setting database... Database Manager created
14.04.2025 12:14:20 - 12 - Setting database... Event handlers set
14.04.2025 12:14:20 - 12 - Setting database... Connection to main database failed failed, retrying in 5 seconds...
14.04.2025 12:14:20 - 12 - Setting database... Main database manager set
14.04.2025 12:14:20 - 12 - Failed to setup main database NTDB_Production. Retrying in 5 seconds.
14.04.2025 12:14:25 - 12 - Setting database... Main db name: NTDB_Production
14.04.2025 12:14:25 - 12 - Setting database... Database Manager created
14.04.2025 12:14:25 - 12 - Setting database... Event handlers set
14.04.2025 12:14:30 - 12 - Setting database... Connection to main database failed failed, retrying in 5 seconds...
14.04.2025 12:14:30 - 12 - Setting database... Main database manager set
14.04.2025 12:14:30 - 12 - Failed to setup main database NTDB_Production. Retrying in 5 seconds.
14.04.2025 12:14:35 - 12 - Setting database... Main db name: NTDB_Production
14.04.2025 12:14:35 - 12 - Setting database... Database Manager created
14.04.2025 12:14:35 - 12 - Setting database... Event handlers set
14.04.2025 12:14:35 - 12 - Setting database... Connection to main database failed failed, retrying in 5 seconds...
14.04.2025 12:14:35 - 12 - Setting database... Main database manager set
14.04.2025 12:14:35 - 12 - Failed to setup main database NTDB_Production. Retrying in 5 seconds.
14.04.2025 12:14:40 - 12 - Setting database... Main db name: NTDB_Production
14.04.2025 12:14:40 - 12 - Setting database... Database Manager created
14.04.2025 12:14:40 - 12 - Setting database... Event handlers set
14.04.2025 12:14:40 - 12 - Setting database... Connection to main database failed failed, retrying in 5 seconds...
14.04.2025 12:14:40 - 12 - Setting database... Main database manager set
14.04.2025 12:14:40 - 12 - Failed to setup main database NTDB_Production. Retrying in 5 seconds.
14.04.2025 12:14:45 - 12 - Setting database... Main db name: NTDB_Production
14.04.2025 12:14:45 - 12 - Setting database... Database Manager created
14.04.2025 12:14:45 - 12 - Setting database... Event handlers set
14.04.2025 12:14:45 - 12 - Setting database... Connection to main database failed failed, retrying in 5 seconds...
14.04.2025 12:14:45 - 12 - Setting database... Main database manager set
14.04.2025 12:14:45 - 12 - Failed to setup main database NTDB_Production. Retrying in 5 seconds.
14.04.2025 12:14:50 - 12 - Setting database... Main db name: NTDB_Production
14.04.2025 12:14:50 - 12 - Setting database... Database Manager created
14.04.2025 12:14:50 - 12 - Setting database... Event handlers set
14.04.2025 12:14:55 - 12 - Setting database... Connection to main database failed failed, retrying in 5 seconds...
14.04.2025 12:14:55 - 12 - Setting database... Main database manager set
14.04.2025 12:14:55 - 12 - Failed to setup main database NTDB_Production. Retrying in 5 seconds.
14.04.2025 12:15:00 - 12 - Setting database... Main db name: NTDB_Production
14.04.2025 12:15:00 - 12 - Setting database... Database Manager created
14.04.2025 12:15:00 - 12 - Setting database... Event handlers set
14.04.2025 12:15:00 - 12 - Setting database... Connection to main database failed failed, retrying in 5 seconds...
14.04.2025 12:15:00 - 12 - Setting database... Main database manager set
14.04.2025 12:15:00 - 12 - Failed to setup main database NTDB_Production. Retrying in 5 seconds.
14.04.2025 12:15:05 - 12 - Setting database... Main db name: NTDB_Production
14.04.2025 12:15:05 - 12 - Setting database... Database Manager created
14.04.2025 12:15:05 - 12 - Setting database... Event handlers set
14.04.2025 12:15:05 - 12 - Setting database... Connection to main database failed failed, retrying in 5 seconds...
14.04.2025 12:15:05 - 12 - Setting database... Main database manager set
14.04.2025 12:15:05 - 12 - Failed to setup main database NTDB_Production. Retrying in 5 seconds.
14.04.2025 12:15:10 - 12 - Setting database... Main db name: NTDB_Production
14.04.2025 12:15:10 - 12 - Setting database... Database Manager created
14.04.2025 12:15:10 - 12 - Setting database... Event handlers set
14.04.2025 12:15:10 - 12 - Setting database... Connection to main database failed failed, retrying in 5 seconds...
14.04.2025 12:15:10 - 12 - Setting database... Main database manager set
14.04.2025 12:15:10 - 12 - Failed to setup main database NTDB_Production. Retrying in 5 seconds.
14.04.2025 12:15:15 - 12 - Setting database... Main db name: NTDB_Production
14.04.2025 12:15:15 - 12 - Setting database... Database Manager created
14.04.2025 12:15:15 - 12 - Setting database... Event handlers set
14.04.2025 12:15:15 - 12 - Setting database... Connection to main database failed failed, retrying in 5 seconds...
14.04.2025 12:15:15 - 12 - Setting database... Main database manager set
14.04.2025 12:15:15 - 12 - Failed to setup main database NTDB_Production. Retrying in 5 seconds.
14.04.2025 12:15:20 - 12 - Setting database... Main db name: NTDB_Production
14.04.2025 12:15:20 - 12 - Setting database... Database Manager created
14.04.2025 12:15:20 - 12 - Setting database... Event handlers set
14.04.2025 12:15:20 - 12 - Setting database... Connection to main database failed failed, retrying in 5 seconds...
14.04.2025 12:15:20 - 12 - Setting database... Main database manager set
14.04.2025 12:15:20 - 12 - Failed to setup main database NTDB_Production. Retrying in 5 seconds.
14.04.2025 12:15:25 - 12 - Setting database... Main db name: NTDB_Production
14.04.2025 12:15:25 - 12 - Setting database... Database Manager created
14.04.2025 12:15:25 - 12 - Setting database... Event handlers set
14.04.2025 12:15:25 - 12 - Setting database... Connection to main database failed failed, retrying in 5 seconds...
14.04.2025 12:15:25 - 12 - Setting database... Main database manager set
14.04.2025 12:15:25 - 12 - Failed to setup main database NTDB_Production. Retrying in 5 seconds.
14.04.2025 12:15:30 - 12 - Setting database... Main db name: NTDB_Production
14.04.2025 12:15:30 - 12 - Setting database... Database Manager created
14.04.2025 12:15:30 - 12 - Setting database... Event handlers set
14.04.2025 12:15:30 - 12 - Setting database... Connection to main database failed failed, retrying in 5 seconds...
14.04.2025 12:15:30 - 12 - Setting database... Main database manager set
14.04.2025 12:15:30 - 12 - Failed to setup main database NTDB_Production. Retrying in 5 seconds.
14.04.2025 12:15:35 - 12 - Setting database... Main db name: NTDB_Production
14.04.2025 12:15:35 - 12 - Setting database... Database Manager created
14.04.2025 12:15:35 - 12 - Setting database... Event handlers set
14.04.2025 12:15:40 - 12 - Setting database... Connection to main database failed failed, retrying in 5 seconds...
14.04.2025 12:15:40 - 12 - Setting database... Main database manager set
14.04.2025 12:15:40 - 12 - Failed to setup main database NTDB_Production. Retrying in 5 seconds.
14.04.2025 12:15:45 - 12 - Setting database... Main db name: NTDB_Production
14.04.2025 12:15:45 - 12 - Setting database... Database Manager created
14.04.2025 12:15:45 - 12 - Setting database... Event handlers set
14.04.2025 12:15:45 - 12 - Setting database... Connection to main database failed failed, retrying in 5 seconds...
14.04.2025 12:15:45 - 12 - Setting database... Main database manager set
14.04.2025 12:15:45 - 12 - Failed to setup main database NTDB_Production. Retrying in 5 seconds.
14.04.2025 12:15:50 - 12 - Setting database... Main db name: NTDB_Production
14.04.2025 12:15:50 - 12 - Setting database... Database Manager created
14.04.2025 12:15:50 - 12 - Setting database... Event handlers set
14.04.2025 12:15:50 - 12 - Setting database... Connection to main database failed failed, retrying in 5 seconds...
14.04.2025 12:15:50 - 12 - Setting database... Main database manager set
14.04.2025 12:15:50 - 12 - Failed to setup main database NTDB_Production. Retrying in 5 seconds.
14.04.2025 12:15:55 - 12 - Setting database... Main db name: NTDB_Production
14.04.2025 12:15:55 - 12 - Setting database... Database Manager created
14.04.2025 12:15:55 - 12 - Setting database... Event handlers set
14.04.2025 12:15:55 - 12 - Setting database... Connection to main database failed failed, retrying in 5 seconds...
14.04.2025 12:15:55 - 12 - Setting database... Main database manager set
14.04.2025 12:15:55 - 12 - Failed to setup main database NTDB_Production. Retrying in 5 seconds.
14.04.2025 12:16:00 - 12 - Setting database... Main db name: NTDB_Production
14.04.2025 12:16:00 - 12 - Setting database... Database Manager created
14.04.2025 12:16:00 - 12 - Setting database... Event handlers set
14.04.2025 12:16:00 - 12 - Setting database... Connection to main database failed failed, retrying in 5 seconds...
14.04.2025 12:16:00 - 12 - Setting database... Main database manager set
14.04.2025 12:16:00 - 12 - Failed to setup main database NTDB_Production. Retrying in 5 seconds.
14.04.2025 12:16:05 - 12 - Setting database... Main db name: NTDB_Production
14.04.2025 12:16:05 - 12 - Setting database... Database Manager created
14.04.2025 12:16:05 - 12 - Setting database... Event handlers set
14.04.2025 12:16:05 - 12 - Setting database... Connection to main database failed failed, retrying in 5 seconds...
14.04.2025 12:16:05 - 12 - Setting database... Main database manager set
14.04.2025 12:16:05 - 12 - Failed to setup main database NTDB_Production. Retrying in 5 seconds.
14.04.2025 12:16:10 - 12 - Setting database... Main db name: NTDB_Production
14.04.2025 12:16:10 - 12 - Setting database... Database Manager created
14.04.2025 12:16:10 - 12 - Setting database... Event handlers set
14.04.2025 12:16:10 - 12 - Setting database... Connection to main database failed failed, retrying in 5 seconds...
14.04.2025 12:16:10 - 12 - Setting database... Main database manager set
14.04.2025 12:16:10 - 12 - Failed to setup main database NTDB_Production. Retrying in 5 seconds.
14.04.2025 12:16:15 - 12 - Setting database... Main db name: NTDB_Production
14.04.2025 12:16:15 - 12 - Setting database... Database Manager created
14.04.2025 12:16:15 - 12 - Setting database... Event handlers set
14.04.2025 12:16:15 - 12 - Setting database... Connection to main database failed failed, retrying in 5 seconds...
14.04.2025 12:16:15 - 12 - Setting database... Main database manager set
14.04.2025 12:16:15 - 12 - Failed to setup main database NTDB_Production. Retrying in 5 seconds.
14.04.2025 12:16:20 - 12 - Setting database... Main db name: NTDB_Production
14.04.2025 12:16:20 - 12 - Setting database... Database Manager created
14.04.2025 12:16:20 - 12 - Setting database... Event handlers set
14.04.2025 12:16:20 - 12 - Setting database... Connection to main database failed failed, retrying in 5 seconds...
14.04.2025 12:16:20 - 12 - Setting database... Main database manager set
14.04.2025 12:16:20 - 12 - Failed to setup main database NTDB_Production. Retrying in 5 seconds.
14.04.2025 12:16:25 - 12 - Setting database... Main db name: NTDB_Production
14.04.2025 12:16:25 - 12 - Setting database... Database Manager created
14.04.2025 12:16:25 - 12 - Setting database... Event handlers set
14.04.2025 12:16:25 - 12 - Setting database... Connection to main database failed failed, retrying in 5 seconds...
14.04.2025 12:16:25 - 12 - Setting database... Main database manager set
14.04.2025 12:16:25 - 12 - Failed to setup main database NTDB_Production. Retrying in 5 seconds.
14.04.2025 12:16:30 - 12 - Setting database... Main db name: NTDB_Production
14.04.2025 12:16:30 - 12 - Setting database... Database Manager created
14.04.2025 12:16:30 - 12 - Setting database... Event handlers set
14.04.2025 12:16:30 - 12 - Setting database... Connection to main database failed failed, retrying in 5 seconds...
14.04.2025 12:16:30 - 12 - Setting database... Main database manager set
14.04.2025 12:16:30 - 12 - Failed to setup main database NTDB_Production. Retrying in 5 seconds.
14.04.2025 12:16:35 - 12 - Setting database... Main db name: NTDB_Production
14.04.2025 12:16:35 - 12 - Setting database... Database Manager created
14.04.2025 12:16:35 - 12 - Setting database... Event handlers set
14.04.2025 12:16:35 - 12 - Setting database... Connection to main database failed failed, retrying in 5 seconds...
14.04.2025 12:16:35 - 12 - Setting database... Main database manager set
14.04.2025 12:16:35 - 12 - Failed to setup main database NTDB_Production. Retrying in 5 seconds.
14.04.2025 12:16:40 - 12 - Setting database... Main db name: NTDB_Production
14.04.2025 12:16:40 - 12 - Setting database... Database Manager created
14.04.2025 12:16:40 - 12 - Setting database... Event handlers set
14.04.2025 12:16:40 - 12 - Setting database... Setting up database manager ready
14.04.2025 12:16:40 - 12 - Setting database... Main database manager set
14.04.2025 12:16:40 - 12 - Setting database... Database version 2,25
14.04.2025 12:16:40 - 13 - Setting database... Set db operations
14.04.2025 12:16:41 - 14 - Setting database... Set indirect proxy
14.04.2025 12:16:41 - 15 - Setting database... Initializing load capacities
14.04.2025 12:16:43 - 16 - Setting database... Initializing EraFileHandler
14.04.2025 12:16:43 - 17 - Setting database... Alarms and errors initialized
14.04.2025 12:16:43 - 18 - Setting database... Active directory authentication initialized
14.04.2025 12:16:43 - 19 - Setting database... Reseting alarms
14.04.2025 12:16:44 - 33 - Initializing resource manager...
14.04.2025 12:16:44 - 34 - Initializing resource manager...
14.04.2025 12:16:44 - 35 - Initializing resource manager...
14.04.2025 12:16:44 - 36 - Initializing resource manager...
14.04.2025 12:16:44 - 37 - Initializing resource manager...
14.04.2025 12:16:44 - 38 - Initializing resource manager...
14.04.2025 12:16:44 - 39 - Reading area files... Creating AreaManager
14.04.2025 12:16:44 - 40 - Reading area files into memory...
14.04.2025 12:16:46 - 41 - Reading area files... Area files read
14.04.2025 12:16:46 - 42 - Reading area files... Areas updated
14.04.2025 12:16:46 - 43 - Reading area files... Gate updated
14.04.2025 12:16:46 - 44 - Reading area files... Creating route planner
14.04.2025 12:16:46 - 45 - Reading area files... Creating scheduler
14.04.2025 12:16:46 - 46 - Initializing services...
14.04.2025 12:16:46 - 47 - Initializing services...
14.04.2025 12:16:46 - 48 - Initializing services...
14.04.2025 12:16:46 - 49 - Initializing services...
14.04.2025 12:16:46 - 50 - Initializing services...
14.04.2025 12:16:46 - 51 - Initializing services...
14.04.2025 12:16:46 - 52 - Initializing services...
14.04.2025 12:16:46 - 53 - Initializing services...
14.04.2025 12:16:46 - 54 - Initializing fleet simulator if allowed
14.04.2025 12:16:46 - 55 - Initializing services...
14.04.2025 12:16:46 - 56 - Initializing services...
14.04.2025 12:16:46 - 57 - Initializing services...
14.04.2025 12:16:46 - 58 - Initializing services... AD disabled
14.04.2025 12:16:46 - 59 - Initializing services... ServerData
14.04.2025 12:16:46 - 60 - Initializing services...
14.04.2025 12:16:46 - 61 - Initializing services...
14.04.2025 12:16:46 - 62 - Initializing services...
14.04.2025 12:16:46 - 63 - Initializing services... Service events subscribed
14.04.2025 12:16:46 - 64 - Initializing services...
14.04.2025 12:16:46 - 65 - Initializing services... Service Data
14.04.2025 12:16:46 - 66 - Initializing services... Starting resource manager
14.04.2025 12:16:46 - 67 - Initializing services... Starting traffic controller
14.04.2025 12:16:46 - 68 - Initializing services complete
14.04.2025 12:16:46 - 69 - Area manager okProductionAreaNotOperational
14.04.2025 12:16:46 - 70 - Initializing MES, port: 8015
14.04.2025 12:16:46 - 71 - MES ready. Initializing other comms.
14.04.2025 12:16:46 - 72 - Initializing WebSocket comms
14.04.2025 12:16:46 - 73 - WebSockets ready. Initializing other comms.
14.04.2025 12:16:46 - 74 - MQ comms created. Linking events.
14.04.2025 12:16:46 - 75 - Initializing comms complete. Updating machines.
14.04.2025 12:16:46 - 76 - Machines loaded from database - 2 machines enabled, 2 machines total
14.04.2025 12:16:47 - 77 - Initializing resource manager...
14.04.2025 12:16:47 - 78 - Binding resources.
14.04.2025 12:16:49 - 79 - Initializing orders
14.04.2025 12:16:49 - 80 - Loading POL templates from DB
14.04.2025 12:16:49 - 81 - Loading Active POL from DB
14.04.2025 12:16:49 - 82 - Set TC Parameter observer
14.04.2025 12:16:49 - 83 - Setup cluster
14.04.2025 12:16:49 - 84 - Setup statistics
14.04.2025 12:16:49 - 85 - Setup Visual replay
14.04.2025 12:16:49 - 86 - Setup ChargeManager
14.04.2025 12:16:49 - 87 - Setup Elevators
14.04.2025 12:16:49 - 88 - Starting MES
14.04.2025 12:16:49 - 89 - Initializing services... Trying to open Server service host
14.04.2025 12:16:50 - 90 - Initializing services... Trying to open Server Stream host
14.04.2025 12:16:50 - 91 - Initializing services... Web Server enabled
14.04.2025 12:16:50 - 92 - Initializing services... Web server configuration started asynchronously.
14.04.2025 12:16:50 - 100 - Complete
14.04.2025 12:16:51 - 93 - Initializing services... Web server host sockets open, all files written.
14.04.2025 12:16:51 - 94 - Initializing services... Web server configured on address: http://+:1234/
